This file contains any messages produced by compilers while
running configure, to aid debugging if configure makes a mistake.

It was created by the-football configure 0.1, which was
generated by GNU Autoconf 2.67.  Invocation command line was

  $ ./configure --no-create --no-recursion

## --------- ##
## Platform. ##
## --------- ##

hostname = LoneWolf
uname -m = x86_64
uname -r = 2.6.35-23-generic
uname -s = Linux
uname -v = #41-Ubuntu SMP Wed Nov 24 11:55:36 UTC 2010

/usr/bin/uname -p = unknown
/bin/uname -X     = unknown

/bin/arch              = unknown
/usr/bin/arch -k       = unknown
/usr/convex/getsysinfo = unknown
/usr/bin/hostinfo      = unknown
/bin/machine           = unknown
/usr/bin/oslevel       = unknown
/bin/universe          = unknown

PATH: /home/stieg/overo-oe/bitbake/bin
PATH: /home/stieg/bin
PATH: /home/stieg/overo-oe/bitbake/bin
PATH: /usr/local/sbin
PATH: /usr/local/bin
PATH: /usr/sbin
PATH: /usr/bin
PATH: /sbin
PATH: /bin
PATH: /usr/games
PATH: /home/stieg/bin
PATH: /home/stieg/bin
PATH: /home/stieg/bin
PATH: /home/stieg/bin


## ----------- ##
## Core tests. ##
## ----------- ##

configure:1863: checking for a BSD-compatible install
configure:1931: result: /usr/bin/install -c
configure:1942: checking whether build environment is sane
configure:1992: result: yes
configure:2133: checking for a thread-safe mkdir -p
configure:2172: result: /bin/mkdir -p
configure:2185: checking for gawk
configure:2201: found /usr/bin/gawk
configure:2212: result: gawk
configure:2223: checking whether make sets $(MAKE)
configure:2245: result: yes
configure:2376: checking for gcc
configure:2392: found /usr/bin/gcc
configure:2403: result: gcc
configure:2632: checking for C compiler version
configure:2641: gcc --version >&5
gcc (Ubuntu/Linaro 4.4.4-14ubuntu5) 4.4.5
Copyright (C) 2010 Free Software Foundation, Inc.
This is free software; see the source for copying conditions.  There is NO
warranty; not even for MERCHANTABILITY or FITNESS FOR A PARTICULAR PURPOSE.

configure:2652: $? = 0
configure:2641: gcc -v >&5
Using built-in specs.
Target: x86_64-linux-gnu
Configured with: ../src/configure -v --with-pkgversion='Ubuntu/Linaro 4.4.4-14ubuntu5' --with-bugurl=file:///usr/share/doc/gcc-4.4/README.Bugs --enable-languages=c,c++,fortran,objc,obj-c++ --prefix=/usr --program-suffix=-4.4 --enable-shared --enable-multiarch --enable-linker-build-id --with-system-zlib --libexecdir=/usr/lib --without-included-gettext --enable-threads=posix --with-gxx-include-dir=/usr/include/c++/4.4 --libdir=/usr/lib --enable-nls --with-sysroot=/ --enable-clocale=gnu --enable-libstdcxx-debug --enable-objc-gc --disable-werror --with-arch-32=i686 --with-tune=generic --enable-checking=release --build=x86_64-linux-gnu --host=x86_64-linux-gnu --target=x86_64-linux-gnu
Thread model: posix
gcc version 4.4.5 (Ubuntu/Linaro 4.4.4-14ubuntu5) 
configure:2652: $? = 0
configure:2641: gcc -V >&5
gcc: '-V' option must have argument
configure:2652: $? = 1
configure:2641: gcc -qversion >&5
gcc: unrecognized option '-qversion'
gcc: no input files
configure:2652: $? = 1
configure:2672: checking whether the C compiler works
configure:2694: gcc    conftest.c  >&5
configure:2698: $? = 0
configure:2746: result: yes
configure:2749: checking for C compiler default output file name
configure:2751: result: a.out
configure:2757: checking for suffix of executables
configure:2764: gcc -o conftest    conftest.c  >&5
configure:2768: $? = 0
configure:2790: result: 
configure:2812: checking whether we are cross compiling
configure:2820: gcc -o conftest    conftest.c  >&5
configure:2824: $? = 0
configure:2831: ./conftest
configure:2835: $? = 0
configure:2850: result: no
configure:2855: checking for suffix of object files
configure:2877: gcc -c   conftest.c >&5
configure:2881: $? = 0
configure:2902: result: o
configure:2906: checking whether we are using the GNU C compiler
configure:2925: gcc -c   conftest.c >&5
configure:2925: $? = 0
configure:2934: result: yes
configure:2943: checking whether gcc accepts -g
configure:2963: gcc -c -g  conftest.c >&5
configure:2963: $? = 0
configure:3004: result: yes
configure:3021: checking for gcc option to accept ISO C89
configure:3085: gcc  -c -g -O2  conftest.c >&5
configure:3085: $? = 0
configure:3098: result: none needed
configure:3129: checking for style of include used by make
configure:3157: result: GNU
configure:3182: checking dependency style of gcc
configure:3292: result: gcc3
configure:3310: checking for usb_init in -lusb
configure:3335: gcc -o conftest -g -O2   conftest.c -lusb   >&5
configure:3335: $? = 0
configure:3344: result: yes
configure:3408: checking for pkg-config
configure:3426: found /usr/bin/pkg-config
configure:3438: result: /usr/bin/pkg-config
configure:3463: checking pkg-config is at least version 0.9.0
configure:3466: result: yes
configure:3476: checking for GLIB
configure:3483: $PKG_CONFIG --exists --print-errors "glib-2.0 >= 2.24.1"
configure:3486: $? = 0
configure:3499: $PKG_CONFIG --exists --print-errors "glib-2.0 >= 2.24.1"
configure:3502: $? = 0
configure:3559: result: yes
configure:3728: creating ./config.status

## ---------------- ##
## Cache variables. ##
## ---------------- ##

ac_cv_c_compiler_gnu=yes
ac_cv_env_CC_set=
ac_cv_env_CC_value=
ac_cv_env_CFLAGS_set=
ac_cv_env_CFLAGS_value=
ac_cv_env_CPPFLAGS_set=
ac_cv_env_CPPFLAGS_value=
ac_cv_env_GLIB_CFLAGS_set=
ac_cv_env_GLIB_CFLAGS_value=
ac_cv_env_GLIB_LIBS_set=
ac_cv_env_GLIB_LIBS_value=
ac_cv_env_LDFLAGS_set=
ac_cv_env_LDFLAGS_value=
ac_cv_env_LIBS_set=
ac_cv_env_LIBS_value=
ac_cv_env_PKG_CONFIG_LIBDIR_set=
ac_cv_env_PKG_CONFIG_LIBDIR_value=
ac_cv_env_PKG_CONFIG_PATH_set=
ac_cv_env_PKG_CONFIG_PATH_value=
ac_cv_env_PKG_CONFIG_set=
ac_cv_env_PKG_CONFIG_value=
ac_cv_env_build_alias_set=
ac_cv_env_build_alias_value=
ac_cv_env_host_alias_set=
ac_cv_env_host_alias_value=
ac_cv_env_target_alias_set=
ac_cv_env_target_alias_value=
ac_cv_lib_usb_usb_init=yes
ac_cv_objext=o
ac_cv_path_ac_pt_PKG_CONFIG=/usr/bin/pkg-config
ac_cv_path_install='/usr/bin/install -c'
ac_cv_path_mkdir=/bin/mkdir
ac_cv_prog_AWK=gawk
ac_cv_prog_ac_ct_CC=gcc
ac_cv_prog_cc_c89=
ac_cv_prog_cc_g=yes
ac_cv_prog_make_make_set=yes
am_cv_CC_dependencies_compiler_type=gcc3
pkg_cv_GLIB_CFLAGS='-I/usr/include/glib-2.0 -I/usr/lib/glib-2.0/include  '
pkg_cv_GLIB_LIBS='-lglib-2.0  '

## ----------------- ##
## Output variables. ##
## ----------------- ##

ACLOCAL='${SHELL} /home/stieg/dev/the_football/missing --run aclocal-1.11'
AMDEPBACKSLASH='\'
AMDEP_FALSE='#'
AMDEP_TRUE=''
AMTAR='${SHELL} /home/stieg/dev/the_football/missing --run tar'
AUTOCONF='${SHELL} /home/stieg/dev/the_football/missing --run autoconf'
AUTOHEADER='${SHELL} /home/stieg/dev/the_football/missing --run autoheader'
AUTOMAKE='${SHELL} /home/stieg/dev/the_football/missing --run automake-1.11'
AWK='gawk'
CC='gcc'
CCDEPMODE='depmode=gcc3'
CFLAGS='-g -O2'
CPPFLAGS=''
CYGPATH_W='echo'
DEFS='-DPACKAGE_NAME=\"the-football\" -DPACKAGE_TARNAME=\"the-football\" -DPACKAGE_VERSION=\"0.1\" -DPACKAGE_STRING=\"the-football\ 0.1\" -DPACKAGE_BUGREPORT=\"andrew.stiegmann@gmail.com\" -DPACKAGE_URL=\"\" -DPACKAGE=\"the-football\" -DVERSION=\"0.1\"'
DEPDIR='.deps'
ECHO_C=''
ECHO_N='-n'
ECHO_T=''
EXEEXT=''
GLIB_CFLAGS='-I/usr/include/glib-2.0 -I/usr/lib/glib-2.0/include  '
GLIB_LIBS='-lglib-2.0  '
INSTALL_DATA='${INSTALL} -m 644'
INSTALL_PROGRAM='${INSTALL}'
INSTALL_SCRIPT='${INSTALL}'
INSTALL_STRIP_PROGRAM='$(install_sh) -c -s'
LDFLAGS=''
LIBOBJS=''
LIBS=''
LTLIBOBJS=''
MAKEINFO='${SHELL} /home/stieg/dev/the_football/missing --run makeinfo'
MKDIR_P='/bin/mkdir -p'
OBJEXT='o'
PACKAGE='the-football'
PACKAGE_BUGREPORT='andrew.stiegmann@gmail.com'
PACKAGE_NAME='the-football'
PACKAGE_STRING='the-football 0.1'
PACKAGE_TARNAME='the-football'
PACKAGE_URL=''
PACKAGE_VERSION='0.1'
PATH_SEPARATOR=':'
PKG_CONFIG='/usr/bin/pkg-config'
PKG_CONFIG_LIBDIR=''
PKG_CONFIG_PATH=''
SET_MAKE=''
SHELL='/bin/sh'
STRIP=''
VERSION='0.1'
ac_ct_CC='gcc'
am__EXEEXT_FALSE=''
am__EXEEXT_TRUE='#'
am__fastdepCC_FALSE='#'
am__fastdepCC_TRUE=''
am__include='include'
am__isrc=''
am__leading_dot='.'
am__quote=''
am__tar='${AMTAR} chof - "$$tardir"'
am__untar='${AMTAR} xf -'
bindir='${exec_prefix}/bin'
build_alias=''
datadir='${datarootdir}'
datarootdir='${prefix}/share'
docdir='${datarootdir}/doc/${PACKAGE_TARNAME}'
dvidir='${docdir}'
exec_prefix='${prefix}'
host_alias=''
htmldir='${docdir}'
includedir='${prefix}/include'
infodir='${datarootdir}/info'
install_sh='${SHELL} /home/stieg/dev/the_football/install-sh'
libdir='${exec_prefix}/lib'
libexecdir='${exec_prefix}/libexec'
localedir='${datarootdir}/locale'
localstatedir='${prefix}/var'
mandir='${datarootdir}/man'
mkdir_p='/bin/mkdir -p'
oldincludedir='/usr/include'
pdfdir='${docdir}'
prefix='/usr/local'
program_transform_name='s,x,x,'
psdir='${docdir}'
sbindir='${exec_prefix}/sbin'
sharedstatedir='${prefix}/com'
sysconfdir='${prefix}/etc'
target_alias=''

## ----------- ##
## confdefs.h. ##
## ----------- ##

/* confdefs.h */
#define PACKAGE_NAME "the-football"
#define PACKAGE_TARNAME "the-football"
#define PACKAGE_VERSION "0.1"
#define PACKAGE_STRING "the-football 0.1"
#define PACKAGE_BUGREPORT "andrew.stiegmann@gmail.com"
#define PACKAGE_URL ""
#define PACKAGE "the-football"
#define VERSION "0.1"

configure: exit 0

## ---------------------- ##
## Running config.status. ##
## ---------------------- ##

This file was extended by the-football config.status 0.1, which was
generated by GNU Autoconf 2.67.  Invocation command line was

  CONFIG_FILES    = 
  CONFIG_HEADERS  = 
  CONFIG_LINKS    = 
  CONFIG_COMMANDS = 
  $ ./config.status 

on LoneWolf

config.status:781: creating Makefile
config.status:952: executing depfiles commands
